[29-Sep-2021 14:45:43 UTC] PHP Fatal error:  Uncaught Error: Call to undefined function wp_header() in G:\Meu Drive\UFF\IN Junior\Word Press\wordpress-studies\bikecraft\app\public\wp-content\themes\bikcraft\header.php:21
Stack trace:
#0 G:\Meu Drive\UFF\IN Junior\Word Press\wordpress-studies\bikecraft\app\public\wp-includes\template.php(770): require_once()
#1 G:\Meu Drive\UFF\IN Junior\Word Press\wordpress-studies\bikecraft\app\public\wp-includes\template.php(716): load_template('G:\\Meu Drive\\UF...', true, Array)
#2 G:\Meu Drive\UFF\IN Junior\Word Press\wordpress-studies\bikecraft\app\public\wp-includes\general-template.php(48): locate_template(Array, true, true, Array)
#3 G:\Meu Drive\UFF\IN Junior\Word Press\wordpress-studies\bikecraft\app\public\wp-content\themes\bikcraft\index.php(1): get_header()
#4 G:\Meu Drive\UFF\IN Junior\Word Press\wordpress-studies\bikecraft\app\public\wp-includes\template-loader.php(106): include('G:\\Meu Drive\\UF...')
#5 G:\Meu Drive\UFF\IN Junior\Word Press\wordpress-studies\bikecraft\app\public\wp-blog-header.php(19): in G:\Meu Drive\UFF\IN Junior\Word Press\wordpress-studies\bikecraft\app\public\wp-content\themes\bikcraft\header.php on line 21
[29-Sep-2021 14:45:44 UTC] PHP Fatal error:  Uncaught Error: Call to undefined function wp_header() in G:\Meu Drive\UFF\IN Junior\Word Press\wordpress-studies\bikecraft\app\public\wp-content\themes\bikcraft\header.php:21
Stack trace:
#0 G:\Meu Drive\UFF\IN Junior\Word Press\wordpress-studies\bikecraft\app\public\wp-includes\template.php(770): require_once()
#1 G:\Meu Drive\UFF\IN Junior\Word Press\wordpress-studies\bikecraft\app\public\wp-includes\template.php(716): load_template('G:\\Meu Drive\\UF...', true, Array)
#2 G:\Meu Drive\UFF\IN Junior\Word Press\wordpress-studies\bikecraft\app\public\wp-includes\general-template.php(48): locate_template(Array, true, true, Array)
#3 G:\Meu Drive\UFF\IN Junior\Word Press\wordpress-studies\bikecraft\app\public\wp-content\themes\bikcraft\index.php(1): get_header()
#4 G:\Meu Drive\UFF\IN Junior\Word Press\wordpress-studies\bikecraft\app\public\wp-includes\template-loader.php(106): include('G:\\Meu Drive\\UF...')
#5 G:\Meu Drive\UFF\IN Junior\Word Press\wordpress-studies\bikecraft\app\public\wp-blog-header.php(19): in G:\Meu Drive\UFF\IN Junior\Word Press\wordpress-studies\bikecraft\app\public\wp-content\themes\bikcraft\header.php on line 21
[29-Sep-2021 14:47:30 UTC] PHP Fatal error:  Uncaught Error: Call to undefined function wp_header() in G:\Meu Drive\UFF\IN Junior\Word Press\wordpress-studies\bikecraft\app\public\wp-content\themes\bikcraft\header.php:21
Stack trace:
#0 G:\Meu Drive\UFF\IN Junior\Word Press\wordpress-studies\bikecraft\app\public\wp-includes\template.php(770): require_once()
#1 G:\Meu Drive\UFF\IN Junior\Word Press\wordpress-studies\bikecraft\app\public\wp-includes\template.php(716): load_template('G:\\Meu Drive\\UF...', true, Array)
#2 G:\Meu Drive\UFF\IN Junior\Word Press\wordpress-studies\bikecraft\app\public\wp-includes\general-template.php(48): locate_template(Array, true, true, Array)
#3 G:\Meu Drive\UFF\IN Junior\Word Press\wordpress-studies\bikecraft\app\public\wp-content\themes\bikcraft\index.php(1): get_header()
#4 G:\Meu Drive\UFF\IN Junior\Word Press\wordpress-studies\bikecraft\app\public\wp-includes\template-loader.php(106): include('G:\\Meu Drive\\UF...')
#5 G:\Meu Drive\UFF\IN Junior\Word Press\wordpress-studies\bikecraft\app\public\wp-blog-header.php(19): in G:\Meu Drive\UFF\IN Junior\Word Press\wordpress-studies\bikecraft\app\public\wp-content\themes\bikcraft\header.php on line 21
[29-Sep-2021 14:47:31 UTC] PHP Fatal error:  Uncaught Error: Call to undefined function wp_header() in G:\Meu Drive\UFF\IN Junior\Word Press\wordpress-studies\bikecraft\app\public\wp-content\themes\bikcraft\header.php:21
Stack trace:
#0 G:\Meu Drive\UFF\IN Junior\Word Press\wordpress-studies\bikecraft\app\public\wp-includes\template.php(770): require_once()
#1 G:\Meu Drive\UFF\IN Junior\Word Press\wordpress-studies\bikecraft\app\public\wp-includes\template.php(716): load_template('G:\\Meu Drive\\UF...', true, Array)
#2 G:\Meu Drive\UFF\IN Junior\Word Press\wordpress-studies\bikecraft\app\public\wp-includes\general-template.php(48): locate_template(Array, true, true, Array)
#3 G:\Meu Drive\UFF\IN Junior\Word Press\wordpress-studies\bikecraft\app\public\wp-content\themes\bikcraft\index.php(1): get_header()
#4 G:\Meu Drive\UFF\IN Junior\Word Press\wordpress-studies\bikecraft\app\public\wp-includes\template-loader.php(106): include('G:\\Meu Drive\\UF...')
#5 G:\Meu Drive\UFF\IN Junior\Word Press\wordpress-studies\bikecraft\app\public\wp-blog-header.php(19): in G:\Meu Drive\UFF\IN Junior\Word Press\wordpress-studies\bikecraft\app\public\wp-content\themes\bikcraft\header.php on line 21
[30-Sep-2021 14:40:17 UTC] PHP Parse error:  syntax error, unexpected 'echo' (T_ECHO), expecting ')' in G:\Meu Drive\UFF\IN Junior\Word Press\wordpress-studies\bikecraft\app\public\wp-content\themes\bikcraft\inc\qualidade.php on line 3
[30-Sep-2021 14:54:25 UTC] PHP Warning:  Invalid argument supplied for foreach() in G:\Meu Drive\UFF\IN Junior\Word Press\wordpress-studies\bikecraft\app\public\wp-content\themes\bikcraft\inc\qualidade.php on line 8
[30-Sep-2021 14:54:25 UTC] PHP Stack trace:
[30-Sep-2021 14:54:25 UTC] PHP   1. {main}() G:\Meu Drive\UFF\IN Junior\Word Press\wordpress-studies\bikecraft\app\public\index.php:0
[30-Sep-2021 14:54:25 UTC] PHP   2. require() G:\Meu Drive\UFF\IN Junior\Word Press\wordpress-studies\bikecraft\app\public\index.php:17
[30-Sep-2021 14:54:25 UTC] PHP   3. require_once() G:\Meu Drive\UFF\IN Junior\Word Press\wordpress-studies\bikecraft\app\public\wp-blog-header.php:19
[30-Sep-2021 14:54:25 UTC] PHP   4. include() G:\Meu Drive\UFF\IN Junior\Word Press\wordpress-studies\bikecraft\app\public\wp-includes\template-loader.php:106
[30-Sep-2021 14:54:25 UTC] PHP   5. include() G:\Meu Drive\UFF\IN Junior\Word Press\wordpress-studies\bikecraft\app\public\wp-content\themes\bikcraft\page-sobre.php:31
[30-Sep-2021 14:56:18 UTC] PHP Warning:  Invalid argument supplied for foreach() in G:\Meu Drive\UFF\IN Junior\Word Press\wordpress-studies\bikecraft\app\public\wp-content\themes\bikcraft\inc\qualidade.php on line 8
[30-Sep-2021 14:56:18 UTC] PHP Stack trace:
[30-Sep-2021 14:56:18 UTC] PHP   1. {main}() G:\Meu Drive\UFF\IN Junior\Word Press\wordpress-studies\bikecraft\app\public\index.php:0
[30-Sep-2021 14:56:18 UTC] PHP   2. require() G:\Meu Drive\UFF\IN Junior\Word Press\wordpress-studies\bikecraft\app\public\index.php:17
[30-Sep-2021 14:56:18 UTC] PHP   3. require_once() G:\Meu Drive\UFF\IN Junior\Word Press\wordpress-studies\bikecraft\app\public\wp-blog-header.php:19
[30-Sep-2021 14:56:18 UTC] PHP   4. include() G:\Meu Drive\UFF\IN Junior\Word Press\wordpress-studies\bikecraft\app\public\wp-includes\template-loader.php:106
[30-Sep-2021 14:56:18 UTC] PHP   5. include() G:\Meu Drive\UFF\IN Junior\Word Press\wordpress-studies\bikecraft\app\public\wp-content\themes\bikcraft\page-sobre.php:31
[30-Sep-2021 14:57:09 UTC] PHP Warning:  Invalid argument supplied for foreach() in G:\Meu Drive\UFF\IN Junior\Word Press\wordpress-studies\bikecraft\app\public\wp-content\themes\bikcraft\inc\qualidade.php on line 8
[30-Sep-2021 14:57:09 UTC] PHP Stack trace:
[30-Sep-2021 14:57:09 UTC] PHP   1. {main}() G:\Meu Drive\UFF\IN Junior\Word Press\wordpress-studies\bikecraft\app\public\index.php:0
[30-Sep-2021 14:57:09 UTC] PHP   2. require() G:\Meu Drive\UFF\IN Junior\Word Press\wordpress-studies\bikecraft\app\public\index.php:17
[30-Sep-2021 14:57:09 UTC] PHP   3. require_once() G:\Meu Drive\UFF\IN Junior\Word Press\wordpress-studies\bikecraft\app\public\wp-blog-header.php:19
[30-Sep-2021 14:57:09 UTC] PHP   4. include() G:\Meu Drive\UFF\IN Junior\Word Press\wordpress-studies\bikecraft\app\public\wp-includes\template-loader.php:106
[30-Sep-2021 14:57:09 UTC] PHP   5. include() G:\Meu Drive\UFF\IN Junior\Word Press\wordpress-studies\bikecraft\app\public\wp-content\themes\bikcraft\page-sobre.php:31
[30-Sep-2021 14:58:16 UTC] PHP Warning:  Invalid argument supplied for foreach() in G:\Meu Drive\UFF\IN Junior\Word Press\wordpress-studies\bikecraft\app\public\wp-content\themes\bikcraft\inc\qualidade.php on line 8
[30-Sep-2021 14:58:16 UTC] PHP Stack trace:
[30-Sep-2021 14:58:16 UTC] PHP   1. {main}() G:\Meu Drive\UFF\IN Junior\Word Press\wordpress-studies\bikecraft\app\public\index.php:0
[30-Sep-2021 14:58:16 UTC] PHP   2. require() G:\Meu Drive\UFF\IN Junior\Word Press\wordpress-studies\bikecraft\app\public\index.php:17
[30-Sep-2021 14:58:16 UTC] PHP   3. require_once() G:\Meu Drive\UFF\IN Junior\Word Press\wordpress-studies\bikecraft\app\public\wp-blog-header.php:19
[30-Sep-2021 14:58:16 UTC] PHP   4. include() G:\Meu Drive\UFF\IN Junior\Word Press\wordpress-studies\bikecraft\app\public\wp-includes\template-loader.php:106
[30-Sep-2021 14:58:16 UTC] PHP   5. include() G:\Meu Drive\UFF\IN Junior\Word Press\wordpress-studies\bikecraft\app\public\wp-content\themes\bikcraft\page-sobre.php:31
[30-Sep-2021 15:04:08 UTC] PHP Warning:  Invalid argument supplied for foreach() in G:\Meu Drive\UFF\IN Junior\Word Press\wordpress-studies\bikecraft\app\public\wp-content\themes\bikcraft\inc\qualidade.php on line 8
[30-Sep-2021 15:04:08 UTC] PHP Stack trace:
[30-Sep-2021 15:04:09 UTC] PHP   1. {main}() G:\Meu Drive\UFF\IN Junior\Word Press\wordpress-studies\bikecraft\app\public\index.php:0
[30-Sep-2021 15:04:09 UTC] PHP   2. require() G:\Meu Drive\UFF\IN Junior\Word Press\wordpress-studies\bikecraft\app\public\index.php:17
[30-Sep-2021 15:04:09 UTC] PHP   3. require_once() G:\Meu Drive\UFF\IN Junior\Word Press\wordpress-studies\bikecraft\app\public\wp-blog-header.php:19
[30-Sep-2021 15:04:09 UTC] PHP   4. include() G:\Meu Drive\UFF\IN Junior\Word Press\wordpress-studies\bikecraft\app\public\wp-includes\template-loader.php:106
[30-Sep-2021 15:04:09 UTC] PHP   5. include() G:\Meu Drive\UFF\IN Junior\Word Press\wordpress-studies\bikecraft\app\public\wp-content\themes\bikcraft\page-sobre.php:31
[30-Sep-2021 15:04:36 UTC] PHP Warning:  Invalid argument supplied for foreach() in G:\Meu Drive\UFF\IN Junior\Word Press\wordpress-studies\bikecraft\app\public\wp-content\themes\bikcraft\inc\qualidade.php on line 8
[30-Sep-2021 15:04:36 UTC] PHP Stack trace:
[30-Sep-2021 15:04:36 UTC] PHP   1. {main}() G:\Meu Drive\UFF\IN Junior\Word Press\wordpress-studies\bikecraft\app\public\index.php:0
[30-Sep-2021 15:04:36 UTC] PHP   2. require() G:\Meu Drive\UFF\IN Junior\Word Press\wordpress-studies\bikecraft\app\public\index.php:17
[30-Sep-2021 15:04:36 UTC] PHP   3. require_once() G:\Meu Drive\UFF\IN Junior\Word Press\wordpress-studies\bikecraft\app\public\wp-blog-header.php:19
[30-Sep-2021 15:04:36 UTC] PHP   4. include() G:\Meu Drive\UFF\IN Junior\Word Press\wordpress-studies\bikecraft\app\public\wp-includes\template-loader.php:106
[30-Sep-2021 15:04:36 UTC] PHP   5. include() G:\Meu Drive\UFF\IN Junior\Word Press\wordpress-studies\bikecraft\app\public\wp-content\themes\bikcraft\page-sobre.php:31
[30-Sep-2021 15:06:17 UTC] PHP Warning:  Invalid argument supplied for foreach() in G:\Meu Drive\UFF\IN Junior\Word Press\wordpress-studies\bikecraft\app\public\wp-content\themes\bikcraft\inc\qualidade.php on line 8
[30-Sep-2021 15:06:17 UTC] PHP Stack trace:
[30-Sep-2021 15:06:17 UTC] PHP   1. {main}() G:\Meu Drive\UFF\IN Junior\Word Press\wordpress-studies\bikecraft\app\public\index.php:0
[30-Sep-2021 15:06:17 UTC] PHP   2. require() G:\Meu Drive\UFF\IN Junior\Word Press\wordpress-studies\bikecraft\app\public\index.php:17
[30-Sep-2021 15:06:17 UTC] PHP   3. require_once() G:\Meu Drive\UFF\IN Junior\Word Press\wordpress-studies\bikecraft\app\public\wp-blog-header.php:19
[30-Sep-2021 15:06:17 UTC] PHP   4. include() G:\Meu Drive\UFF\IN Junior\Word Press\wordpress-studies\bikecraft\app\public\wp-includes\template-loader.php:106
[30-Sep-2021 15:06:17 UTC] PHP   5. include() G:\Meu Drive\UFF\IN Junior\Word Press\wordpress-studies\bikecraft\app\public\wp-content\themes\bikcraft\page-sobre.php:31
[30-Sep-2021 15:07:27 UTC] PHP Warning:  Invalid argument supplied for foreach() in G:\Meu Drive\UFF\IN Junior\Word Press\wordpress-studies\bikecraft\app\public\wp-content\themes\bikcraft\inc\qualidade.php on line 8
[30-Sep-2021 15:07:27 UTC] PHP Stack trace:
[30-Sep-2021 15:07:27 UTC] PHP   1. {main}() G:\Meu Drive\UFF\IN Junior\Word Press\wordpress-studies\bikecraft\app\public\index.php:0
[30-Sep-2021 15:07:27 UTC] PHP   2. require() G:\Meu Drive\UFF\IN Junior\Word Press\wordpress-studies\bikecraft\app\public\index.php:17
[30-Sep-2021 15:07:27 UTC] PHP   3. require_once() G:\Meu Drive\UFF\IN Junior\Word Press\wordpress-studies\bikecraft\app\public\wp-blog-header.php:19
[30-Sep-2021 15:07:27 UTC] PHP   4. include() G:\Meu Drive\UFF\IN Junior\Word Press\wordpress-studies\bikecraft\app\public\wp-includes\template-loader.php:106
[30-Sep-2021 15:07:27 UTC] PHP   5. include() G:\Meu Drive\UFF\IN Junior\Word Press\wordpress-studies\bikecraft\app\public\wp-content\themes\bikcraft\page-sobre.php:31
[30-Sep-2021 15:08:16 UTC] PHP Warning:  Invalid argument supplied for foreach() in G:\Meu Drive\UFF\IN Junior\Word Press\wordpress-studies\bikecraft\app\public\wp-content\themes\bikcraft\inc\qualidade.php on line 8
[30-Sep-2021 15:08:16 UTC] PHP Stack trace:
[30-Sep-2021 15:08:16 UTC] PHP   1. {main}() G:\Meu Drive\UFF\IN Junior\Word Press\wordpress-studies\bikecraft\app\public\index.php:0
[30-Sep-2021 15:08:16 UTC] PHP   2. require() G:\Meu Drive\UFF\IN Junior\Word Press\wordpress-studies\bikecraft\app\public\index.php:17
[30-Sep-2021 15:08:16 UTC] PHP   3. require_once() G:\Meu Drive\UFF\IN Junior\Word Press\wordpress-studies\bikecraft\app\public\wp-blog-header.php:19
[30-Sep-2021 15:08:16 UTC] PHP   4. include() G:\Meu Drive\UFF\IN Junior\Word Press\wordpress-studies\bikecraft\app\public\wp-includes\template-loader.php:106
[30-Sep-2021 15:08:16 UTC] PHP   5. include() G:\Meu Drive\UFF\IN Junior\Word Press\wordpress-studies\bikecraft\app\public\wp-content\themes\bikcraft\page-sobre.php:31
[30-Sep-2021 15:08:52 UTC] PHP Warning:  Invalid argument supplied for foreach() in G:\Meu Drive\UFF\IN Junior\Word Press\wordpress-studies\bikecraft\app\public\wp-content\themes\bikcraft\inc\qualidade.php on line 8
[30-Sep-2021 15:08:52 UTC] PHP Stack trace:
[30-Sep-2021 15:08:52 UTC] PHP   1. {main}() G:\Meu Drive\UFF\IN Junior\Word Press\wordpress-studies\bikecraft\app\public\index.php:0
[30-Sep-2021 15:08:52 UTC] PHP   2. require() G:\Meu Drive\UFF\IN Junior\Word Press\wordpress-studies\bikecraft\app\public\index.php:17
[30-Sep-2021 15:08:52 UTC] PHP   3. require_once() G:\Meu Drive\UFF\IN Junior\Word Press\wordpress-studies\bikecraft\app\public\wp-blog-header.php:19
[30-Sep-2021 15:08:52 UTC] PHP   4. include() G:\Meu Drive\UFF\IN Junior\Word Press\wordpress-studies\bikecraft\app\public\wp-includes\template-loader.php:106
[30-Sep-2021 15:08:52 UTC] PHP   5. include() G:\Meu Drive\UFF\IN Junior\Word Press\wordpress-studies\bikecraft\app\public\wp-content\themes\bikcraft\page-sobre.php:31
[30-Sep-2021 15:09:38 UTC] PHP Warning:  Invalid argument supplied for foreach() in G:\Meu Drive\UFF\IN Junior\Word Press\wordpress-studies\bikecraft\app\public\wp-content\themes\bikcraft\inc\qualidade.php on line 8
[30-Sep-2021 15:09:38 UTC] PHP Stack trace:
[30-Sep-2021 15:09:38 UTC] PHP   1. {main}() G:\Meu Drive\UFF\IN Junior\Word Press\wordpress-studies\bikecraft\app\public\index.php:0
[30-Sep-2021 15:09:38 UTC] PHP   2. require() G:\Meu Drive\UFF\IN Junior\Word Press\wordpress-studies\bikecraft\app\public\index.php:17
[30-Sep-2021 15:09:38 UTC] PHP   3. require_once() G:\Meu Drive\UFF\IN Junior\Word Press\wordpress-studies\bikecraft\app\public\wp-blog-header.php:19
[30-Sep-2021 15:09:38 UTC] PHP   4. include() G:\Meu Drive\UFF\IN Junior\Word Press\wordpress-studies\bikecraft\app\public\wp-includes\template-loader.php:106
[30-Sep-2021 15:09:38 UTC] PHP   5. include() G:\Meu Drive\UFF\IN Junior\Word Press\wordpress-studies\bikecraft\app\public\wp-content\themes\bikcraft\page-sobre.php:31
[30-Sep-2021 15:09:53 UTC] PHP Warning:  Invalid argument supplied for foreach() in G:\Meu Drive\UFF\IN Junior\Word Press\wordpress-studies\bikecraft\app\public\wp-content\themes\bikcraft\inc\qualidade.php on line 8
[30-Sep-2021 15:09:53 UTC] PHP Stack trace:
[30-Sep-2021 15:09:53 UTC] PHP   1. {main}() G:\Meu Drive\UFF\IN Junior\Word Press\wordpress-studies\bikecraft\app\public\index.php:0
[30-Sep-2021 15:09:53 UTC] PHP   2. require() G:\Meu Drive\UFF\IN Junior\Word Press\wordpress-studies\bikecraft\app\public\index.php:17
[30-Sep-2021 15:09:53 UTC] PHP   3. require_once() G:\Meu Drive\UFF\IN Junior\Word Press\wordpress-studies\bikecraft\app\public\wp-blog-header.php:19
[30-Sep-2021 15:09:53 UTC] PHP   4. include() G:\Meu Drive\UFF\IN Junior\Word Press\wordpress-studies\bikecraft\app\public\wp-includes\template-loader.php:106
[30-Sep-2021 15:09:53 UTC] PHP   5. include() G:\Meu Drive\UFF\IN Junior\Word Press\wordpress-studies\bikecraft\app\public\wp-content\themes\bikcraft\page-sobre.php:31
[30-Sep-2021 15:10:22 UTC] PHP Warning:  Invalid argument supplied for foreach() in G:\Meu Drive\UFF\IN Junior\Word Press\wordpress-studies\bikecraft\app\public\wp-content\themes\bikcraft\inc\qualidade.php on line 8
[30-Sep-2021 15:10:22 UTC] PHP Stack trace:
[30-Sep-2021 15:10:22 UTC] PHP   1. {main}() G:\Meu Drive\UFF\IN Junior\Word Press\wordpress-studies\bikecraft\app\public\index.php:0
[30-Sep-2021 15:10:22 UTC] PHP   2. require() G:\Meu Drive\UFF\IN Junior\Word Press\wordpress-studies\bikecraft\app\public\index.php:17
[30-Sep-2021 15:10:22 UTC] PHP   3. require_once() G:\Meu Drive\UFF\IN Junior\Word Press\wordpress-studies\bikecraft\app\public\wp-blog-header.php:19
[30-Sep-2021 15:10:22 UTC] PHP   4. include() G:\Meu Drive\UFF\IN Junior\Word Press\wordpress-studies\bikecraft\app\public\wp-includes\template-loader.php:106
[30-Sep-2021 15:10:22 UTC] PHP   5. include() G:\Meu Drive\UFF\IN Junior\Word Press\wordpress-studies\bikecraft\app\public\wp-content\themes\bikcraft\page-sobre.php:31
[30-Sep-2021 15:10:44 UTC] PHP Warning:  Invalid argument supplied for foreach() in G:\Meu Drive\UFF\IN Junior\Word Press\wordpress-studies\bikecraft\app\public\wp-content\themes\bikcraft\inc\qualidade.php on line 8
[30-Sep-2021 15:10:44 UTC] PHP Stack trace:
[30-Sep-2021 15:10:44 UTC] PHP   1. {main}() G:\Meu Drive\UFF\IN Junior\Word Press\wordpress-studies\bikecraft\app\public\index.php:0
[30-Sep-2021 15:10:44 UTC] PHP   2. require() G:\Meu Drive\UFF\IN Junior\Word Press\wordpress-studies\bikecraft\app\public\index.php:17
[30-Sep-2021 15:10:44 UTC] PHP   3. require_once() G:\Meu Drive\UFF\IN Junior\Word Press\wordpress-studies\bikecraft\app\public\wp-blog-header.php:19
[30-Sep-2021 15:10:44 UTC] PHP   4. include() G:\Meu Drive\UFF\IN Junior\Word Press\wordpress-studies\bikecraft\app\public\wp-includes\template-loader.php:106
[30-Sep-2021 15:10:44 UTC] PHP   5. include() G:\Meu Drive\UFF\IN Junior\Word Press\wordpress-studies\bikecraft\app\public\wp-content\themes\bikcraft\page-sobre.php:31
[30-Sep-2021 18:41:37 UTC] PHP Fatal error:  Cannot redeclare the_field() (previously declared in G:\Meu Drive\UFF\IN Junior\Word Press\wordpress-studies\bikecraft\app\public\wp-content\themes\bikcraft\functions.php:22) in G:\Meu Drive\UFF\IN Junior\Word Press\wordpress-studies\bikecraft\app\public\wp-content\themes\bikcraft\cmb2\load.php on line 9
[30-Sep-2021 18:41:37 UTC] PHP Stack trace:
[30-Sep-2021 18:41:37 UTC] PHP   1. {main}() G:\Meu Drive\UFF\IN Junior\Word Press\wordpress-studies\bikecraft\app\public\wp-admin\post.php:0
[30-Sep-2021 18:41:37 UTC] PHP   2. require_once() G:\Meu Drive\UFF\IN Junior\Word Press\wordpress-studies\bikecraft\app\public\wp-admin\post.php:12
[30-Sep-2021 18:41:37 UTC] PHP   3. require_once() G:\Meu Drive\UFF\IN Junior\Word Press\wordpress-studies\bikecraft\app\public\wp-admin\admin.php:34
[30-Sep-2021 18:41:37 UTC] PHP   4. require_once() G:\Meu Drive\UFF\IN Junior\Word Press\wordpress-studies\bikecraft\app\public\wp-load.php:50
[30-Sep-2021 18:41:37 UTC] PHP   5. require_once() G:\Meu Drive\UFF\IN Junior\Word Press\wordpress-studies\bikecraft\app\public\wp-config.php:77
[30-Sep-2021 18:41:37 UTC] PHP   6. include() G:\Meu Drive\UFF\IN Junior\Word Press\wordpress-studies\bikecraft\app\public\wp-settings.php:546
[30-Sep-2021 18:41:40 UTC] PHP Fatal error:  Cannot redeclare the_field() (previously declared in G:\Meu Drive\UFF\IN Junior\Word Press\wordpress-studies\bikecraft\app\public\wp-content\themes\bikcraft\functions.php:22) in G:\Meu Drive\UFF\IN Junior\Word Press\wordpress-studies\bikecraft\app\public\wp-content\themes\bikcraft\cmb2\load.php on line 9
[30-Sep-2021 18:41:40 UTC] PHP Stack trace:
[30-Sep-2021 18:41:40 UTC] PHP   1. {main}() G:\Meu Drive\UFF\IN Junior\Word Press\wordpress-studies\bikecraft\app\public\wp-admin\admin-ajax.php:0
[30-Sep-2021 18:41:40 UTC] PHP   2. require_once() G:\Meu Drive\UFF\IN Junior\Word Press\wordpress-studies\bikecraft\app\public\wp-admin\admin-ajax.php:22
[30-Sep-2021 18:41:41 UTC] PHP   3. require_once() G:\Meu Drive\UFF\IN Junior\Word Press\wordpress-studies\bikecraft\app\public\wp-load.php:50
[30-Sep-2021 18:41:41 UTC] PHP   4. require_once() G:\Meu Drive\UFF\IN Junior\Word Press\wordpress-studies\bikecraft\app\public\wp-config.php:77
[30-Sep-2021 18:41:41 UTC] PHP   5. include() G:\Meu Drive\UFF\IN Junior\Word Press\wordpress-studies\bikecraft\app\public\wp-settings.php:546
[30-Sep-2021 18:53:49 UTC] PHP Warning:  Invalid argument supplied for foreach() in G:\Meu Drive\UFF\IN Junior\Word Press\wordpress-studies\bikecraft\app\public\wp-content\themes\bikcraft\inc\slide-portfolio.php on line 5
[30-Sep-2021 18:53:49 UTC] PHP Stack trace:
[30-Sep-2021 18:53:49 UTC] PHP   1. {main}() G:\Meu Drive\UFF\IN Junior\Word Press\wordpress-studies\bikecraft\app\public\index.php:0
[30-Sep-2021 18:53:49 UTC] PHP   2. require() G:\Meu Drive\UFF\IN Junior\Word Press\wordpress-studies\bikecraft\app\public\index.php:17
[30-Sep-2021 18:53:49 UTC] PHP   3. require_once() G:\Meu Drive\UFF\IN Junior\Word Press\wordpress-studies\bikecraft\app\public\wp-blog-header.php:19
[30-Sep-2021 18:53:49 UTC] PHP   4. include() G:\Meu Drive\UFF\IN Junior\Word Press\wordpress-studies\bikecraft\app\public\wp-includes\template-loader.php:106
[30-Sep-2021 18:53:49 UTC] PHP   5. include() G:\Meu Drive\UFF\IN Junior\Word Press\wordpress-studies\bikecraft\app\public\wp-content\themes\bikcraft\page-portfolio.php:36
[30-Sep-2021 18:54:37 UTC] PHP Warning:  Invalid argument supplied for foreach() in G:\Meu Drive\UFF\IN Junior\Word Press\wordpress-studies\bikecraft\app\public\wp-content\themes\bikcraft\inc\slide-portfolio.php on line 5
[30-Sep-2021 18:54:37 UTC] PHP Stack trace:
[30-Sep-2021 18:54:37 UTC] PHP   1. {main}() G:\Meu Drive\UFF\IN Junior\Word Press\wordpress-studies\bikecraft\app\public\index.php:0
[30-Sep-2021 18:54:37 UTC] PHP   2. require() G:\Meu Drive\UFF\IN Junior\Word Press\wordpress-studies\bikecraft\app\public\index.php:17
[30-Sep-2021 18:54:37 UTC] PHP   3. require_once() G:\Meu Drive\UFF\IN Junior\Word Press\wordpress-studies\bikecraft\app\public\wp-blog-header.php:19
[30-Sep-2021 18:54:37 UTC] PHP   4. include() G:\Meu Drive\UFF\IN Junior\Word Press\wordpress-studies\bikecraft\app\public\wp-includes\template-loader.php:106
[30-Sep-2021 18:54:37 UTC] PHP   5. include() G:\Meu Drive\UFF\IN Junior\Word Press\wordpress-studies\bikecraft\app\public\wp-content\themes\bikcraft\page-portfolio.php:36
[30-Sep-2021 18:58:52 UTC] PHP Fatal error:  Uncaught Error: Call to undefined function the_fiel() in G:\Meu Drive\UFF\IN Junior\Word Press\wordpress-studies\bikecraft\app\public\wp-content\themes\bikcraft\inc\slide-portfolio.php:15
Stack trace:
#0 G:\Meu Drive\UFF\IN Junior\Word Press\wordpress-studies\bikecraft\app\public\wp-content\themes\bikcraft\page-home.php(58): include()
#1 G:\Meu Drive\UFF\IN Junior\Word Press\wordpress-studies\bikecraft\app\public\wp-includes\template-loader.php(106): include('G:\\Meu Drive\\UF...')
#2 G:\Meu Drive\UFF\IN Junior\Word Press\wordpress-studies\bikecraft\app\public\wp-blog-header.php(19): require_once('G:\\Meu Drive\\UF...')
#3 G:\Meu Drive\UFF\IN Junior\Word Press\wordpress-studies\bikecraft\app\public\index.php(17): require('G:\\Meu Drive\\UF...')
#4 {main}
  thrown in G:\Meu Drive\UFF\IN Junior\Word Press\wordpress-studies\bikecraft\app\public\wp-content\themes\bikcraft\inc\slide-portfolio.php on line 15
